
*** Running vivado
    with args -log blk_mem_gen_0.vds -m64 -product Vivado -mode batch -messageDb vivado.pb -notrace -source blk_mem_gen_0.tcl


ECHO is off.
ECHO is off.

****** Vivado v2023.2 (64-bit)
  **** SW Build 4029153 on Fri Oct 13 20:14:34 MDT 2023
  **** IP Build 4028589 on Sat Oct 14 00:45:43 MDT 2023
  **** SharedData Build 4025554 on Tue Oct 10 17:18:54 MDT 2023
    ** Copyright 1986-2022 Xilinx, Inc. All Rights Reserved.
    ** Copyright 2022-2023 Advanced Micro Devices, Inc. All Rights Reserved.

source blk_mem_gen_0.tcl -notrace
create_project: Time (s): cpu = 00:00:03 ; elapsed = 00:00:07 . Memory (MB): peak = 471.465 ; gain = 179.660
INFO: [IP_Flow 19-6924] IPCACHE: Running cache check for IP inst: blk_mem_gen_0
INFO: [IP_Flow 19-6922] IPCACHE: Exporting cached entry 57f19de459ac9d7c to dir: C:/Users/matti/Documents/Vivado_Vitis/riscv-cpu/cpu/cpu.runs/blk_mem_gen_0_synth_1
INFO: [IP_Flow 19-6928] IPCACHE: copied cached file c:/Users/matti/Documents/Vivado_Vitis/riscv-cpu/cpu/cpu.cache/ip/2023.2/5/7/57f19de459ac9d7c/blk_mem_gen_0.dcp to C:/Users/matti/Documents/Vivado_Vitis/riscv-cpu/cpu/cpu.runs/blk_mem_gen_0_synth_1/blk_mem_gen_0.dcp.
INFO: [IP_Flow 19-6928] IPCACHE: copied cached file c:/Users/matti/Documents/Vivado_Vitis/riscv-cpu/cpu/cpu.cache/ip/2023.2/5/7/57f19de459ac9d7c/blk_mem_gen_0_sim_netlist.v to C:/Users/matti/Documents/Vivado_Vitis/riscv-cpu/cpu/cpu.runs/blk_mem_gen_0_synth_1/blk_mem_gen_0_sim_netlist.v.
INFO: [IP_Flow 19-6928] IPCACHE: copied cached file c:/Users/matti/Documents/Vivado_Vitis/riscv-cpu/cpu/cpu.cache/ip/2023.2/5/7/57f19de459ac9d7c/blk_mem_gen_0_sim_netlist.vhdl to C:/Users/matti/Documents/Vivado_Vitis/riscv-cpu/cpu/cpu.runs/blk_mem_gen_0_synth_1/blk_mem_gen_0_sim_netlist.vhdl.
INFO: [IP_Flow 19-6928] IPCACHE: copied cached file c:/Users/matti/Documents/Vivado_Vitis/riscv-cpu/cpu/cpu.cache/ip/2023.2/5/7/57f19de459ac9d7c/blk_mem_gen_0_stub.v to C:/Users/matti/Documents/Vivado_Vitis/riscv-cpu/cpu/cpu.runs/blk_mem_gen_0_synth_1/blk_mem_gen_0_stub.v.
INFO: [IP_Flow 19-6928] IPCACHE: copied cached file c:/Users/matti/Documents/Vivado_Vitis/riscv-cpu/cpu/cpu.cache/ip/2023.2/5/7/57f19de459ac9d7c/blk_mem_gen_0_stub.vhdl to C:/Users/matti/Documents/Vivado_Vitis/riscv-cpu/cpu/cpu.runs/blk_mem_gen_0_synth_1/blk_mem_gen_0_stub.vhdl.
INFO: [IP_Flow 19-4838] Using cached IP synthesis design for IP blk_mem_gen_0, cache-ID = 57f19de459ac9d7c.
INFO: [Common 17-206] Exiting Vivado at Sat Jul 27 15:27:47 2024...
