
*** Running vivado
    with args -log instruction_fetch.vds -m64 -product Vivado -mode batch -messageDb vivado.pb -notrace -source instruction_fetch.tcl


****** Vivado v2022.2 (64-bit)
  **** SW Build 3671981 on Fri Oct 14 04:59:54 MDT 2022
  **** IP Build 3669848 on Fri Oct 14 08:30:02 MDT 2022
    ** Copyright 1986-2022 Xilinx, Inc. All Rights Reserved.

source instruction_fetch.tcl -notrace
Command: synth_design -top instruction_fetch -part xc7z020clg484-1
Starting synth_design
Attempting to get a license for feature 'Synthesis' and/or device 'xc7z020'
INFO: [Common 17-349] Got license for feature 'Synthesis' and/or device 'xc7z020'
INFO: [Synth 8-7079] Multithreading enabled for synth_design using a maximum of 4 processes.
INFO: [Synth 8-7078] Launching helper process for spawning children vivado processes
INFO: [Synth 8-7075] Helper process launched with PID 22474
INFO: [Synth 8-11241] undeclared symbol 'REGCCE', assumed default net type 'wire' [/home/techmatt01/Xilinx/Vivado/2022.2/data/verilog/src/unimacro/BRAM_SINGLE_MACRO.v:2170]
---------------------------------------------------------------------------------
Starting Synthesize : Time (s): cpu = 00:00:05 ; elapsed = 00:00:05 . Memory (MB): peak = 1746.777 ; gain = 346.832 ; free physical = 804 ; free virtual = 8244
Synthesis current peak Physical Memory [PSS] (MB): peak = 1162.061; parent = 956.451; children = 205.609
Synthesis current peak Virtual Memory [VSS] (MB): peak = 2733.281; parent = 1746.781; children = 986.500
---------------------------------------------------------------------------------
INFO: [Synth 8-638] synthesizing module 'instruction_fetch' [/home/techmatt01/Documents/Universit/Architetture Digitali Avanzate/riscv-cpu/riscv-cpu/riscv-cpu.srcs/sources_1/new/instruction_fetch.vhd:47]
INFO: [Synth 8-256] done synthesizing module 'instruction_fetch' (0#1) [/home/techmatt01/Documents/Universit/Architetture Digitali Avanzate/riscv-cpu/riscv-cpu/riscv-cpu.srcs/sources_1/new/instruction_fetch.vhd:47]
WARNING: [Synth 8-3330] design instruction_fetch has an empty top module
---------------------------------------------------------------------------------
Finished Synthesize : Time (s): cpu = 00:00:06 ; elapsed = 00:00:07 . Memory (MB): peak = 1813.746 ; gain = 413.801 ; free physical = 890 ; free virtual = 8331
Synthesis current peak Physical Memory [PSS] (MB): peak = 1162.061; parent = 956.451; children = 205.609
Synthesis current peak Virtual Memory [VSS] (MB): peak = 2800.250; parent = 1813.750; children = 986.500
---------------------------------------------------------------------------------
---------------------------------------------------------------------------------
Finished Constraint Validation : Time (s): cpu = 00:00:07 ; elapsed = 00:00:08 . Memory (MB): peak = 1831.559 ; gain = 431.613 ; free physical = 882 ; free virtual = 8323
Synthesis current peak Physical Memory [PSS] (MB): peak = 1162.061; parent = 956.451; children = 205.609
Synthesis current peak Virtual Memory [VSS] (MB): peak = 2818.062; parent = 1831.562; children = 986.500
---------------------------------------------------------------------------------
---------------------------------------------------------------------------------
Start Loading Part and Timing Information
---------------------------------------------------------------------------------
Loading part: xc7z020clg484-1
---------------------------------------------------------------------------------
Finished Loading Part and Timing Information : Time (s): cpu = 00:00:07 ; elapsed = 00:00:08 . Memory (MB): peak = 1839.562 ; gain = 439.617 ; free physical = 882 ; free virtual = 8323
INFO: [Device 21-403] Loading part xc7z020clg484-1
Synthesis current peak Physical Memory [PSS] (MB): peak = 1162.061; parent = 956.451; children = 205.609
Synthesis current peak Virtual Memory [VSS] (MB): peak = 2826.066; parent = 1839.566; children = 986.500
---------------------------------------------------------------------------------
---------------------------------------------------------------------------------
Finished RTL Optimization Phase 2 : Time (s): cpu = 00:00:07 ; elapsed = 00:00:08 . Memory (MB): peak = 1845.500 ; gain = 445.555 ; free physical = 878 ; free virtual = 8320
Synthesis current peak Physical Memory [PSS] (MB): peak = 1162.061; parent = 956.451; children = 205.609
Synthesis current peak Virtual Memory [VSS] (MB): peak = 2832.004; parent = 1845.504; children = 986.500
---------------------------------------------------------------------------------
No constraint files found.
---------------------------------------------------------------------------------
Start RTL Component Statistics 
---------------------------------------------------------------------------------
Detailed RTL Component Info : 
---------------------------------------------------------------------------------
Finished RTL Component Statistics 
---------------------------------------------------------------------------------
---------------------------------------------------------------------------------
Start Part Resource Summary
---------------------------------------------------------------------------------
Part Resources:
DSPs: 220 (col length:60)
BRAMs: 280 (col length: RAMB18 60 RAMB36 30)
---------------------------------------------------------------------------------
Finished Part Resource Summary
---------------------------------------------------------------------------------
No constraint files found.
---------------------------------------------------------------------------------
Start Cross Boundary and Area Optimization
---------------------------------------------------------------------------------
WARNING: [Synth 8-7080] Parallel synthesis criteria is not met
WARNING: [Synth 8-3330] design instruction_fetch has an empty top module
---------------------------------------------------------------------------------
Finished Cross Boundary and Area Optimization : Time (s): cpu = 00:00:13 ; elapsed = 00:00:14 . Memory (MB): peak = 1982.688 ; gain = 582.742 ; free physical = 579 ; free virtual = 8024
Synthesis current peak Physical Memory [PSS] (MB): peak = 1382.219; parent = 1176.641; children = 205.609
Synthesis current peak Virtual Memory [VSS] (MB): peak = 2969.191; parent = 1982.691; children = 986.500
---------------------------------------------------------------------------------
No constraint files found.
---------------------------------------------------------------------------------
Start Timing Optimization
---------------------------------------------------------------------------------
---------------------------------------------------------------------------------
Finished Timing Optimization : Time (s): cpu = 00:00:13 ; elapsed = 00:00:14 . Memory (MB): peak = 1982.688 ; gain = 582.742 ; free physical = 574 ; free virtual = 8019
Synthesis current peak Physical Memory [PSS] (MB): peak = 1385.707; parent = 1180.129; children = 205.609
Synthesis current peak Virtual Memory [VSS] (MB): peak = 2969.191; parent = 1982.691; children = 986.500
---------------------------------------------------------------------------------
---------------------------------------------------------------------------------
Start Technology Mapping
---------------------------------------------------------------------------------
---------------------------------------------------------------------------------
Finished Technology Mapping : Time (s): cpu = 00:00:13 ; elapsed = 00:00:14 . Memory (MB): peak = 1982.688 ; gain = 582.742 ; free physical = 575 ; free virtual = 8020
Synthesis current peak Physical Memory [PSS] (MB): peak = 1386.113; parent = 1180.535; children = 205.609
Synthesis current peak Virtual Memory [VSS] (MB): peak = 2969.191; parent = 1982.691; children = 986.500
---------------------------------------------------------------------------------
---------------------------------------------------------------------------------
Start IO Insertion
---------------------------------------------------------------------------------
---------------------------------------------------------------------------------
Start Flattening Before IO Insertion
---------------------------------------------------------------------------------
---------------------------------------------------------------------------------
Finished Flattening Before IO Insertion
---------------------------------------------------------------------------------
---------------------------------------------------------------------------------
Start Final Netlist Cleanup
---------------------------------------------------------------------------------
---------------------------------------------------------------------------------
Finished Final Netlist Cleanup
---------------------------------------------------------------------------------
---------------------------------------------------------------------------------
Finished IO Insertion : Time (s): cpu = 00:00:18 ; elapsed = 00:00:19 . Memory (MB): peak = 1982.688 ; gain = 582.742 ; free physical = 563 ; free virtual = 8009
Synthesis current peak Physical Memory [PSS] (MB): peak = 1386.336; parent = 1180.758; children = 205.609
Synthesis current peak Virtual Memory [VSS] (MB): peak = 2969.191; parent = 1982.691; children = 986.500
---------------------------------------------------------------------------------
---------------------------------------------------------------------------------
Start Renaming Generated Instances
---------------------------------------------------------------------------------
---------------------------------------------------------------------------------
Finished Renaming Generated Instances : Time (s): cpu = 00:00:18 ; elapsed = 00:00:19 . Memory (MB): peak = 1982.688 ; gain = 582.742 ; free physical = 563 ; free virtual = 8009
Synthesis current peak Physical Memory [PSS] (MB): peak = 1386.352; parent = 1180.773; children = 205.609
Synthesis current peak Virtual Memory [VSS] (MB): peak = 2969.191; parent = 1982.691; children = 986.500
---------------------------------------------------------------------------------
---------------------------------------------------------------------------------
Start Rebuilding User Hierarchy
---------------------------------------------------------------------------------
---------------------------------------------------------------------------------
Finished Rebuilding User Hierarchy : Time (s): cpu = 00:00:18 ; elapsed = 00:00:19 . Memory (MB): peak = 1982.688 ; gain = 582.742 ; free physical = 563 ; free virtual = 8009
Synthesis current peak Physical Memory [PSS] (MB): peak = 1386.516; parent = 1180.938; children = 205.609
Synthesis current peak Virtual Memory [VSS] (MB): peak = 2969.191; parent = 1982.691; children = 986.500
---------------------------------------------------------------------------------
---------------------------------------------------------------------------------
Start Renaming Generated Ports
---------------------------------------------------------------------------------
---------------------------------------------------------------------------------
Finished Renaming Generated Ports : Time (s): cpu = 00:00:18 ; elapsed = 00:00:19 . Memory (MB): peak = 1982.688 ; gain = 582.742 ; free physical = 563 ; free virtual = 8009
Synthesis current peak Physical Memory [PSS] (MB): peak = 1386.594; parent = 1181.016; children = 205.609
Synthesis current peak Virtual Memory [VSS] (MB): peak = 2969.191; parent = 1982.691; children = 986.500
---------------------------------------------------------------------------------
---------------------------------------------------------------------------------
Start Handling Custom Attributes
---------------------------------------------------------------------------------
---------------------------------------------------------------------------------
Finished Handling Custom Attributes : Time (s): cpu = 00:00:18 ; elapsed = 00:00:19 . Memory (MB): peak = 1982.688 ; gain = 582.742 ; free physical = 563 ; free virtual = 8009
Synthesis current peak Physical Memory [PSS] (MB): peak = 1386.672; parent = 1181.094; children = 205.609
Synthesis current peak Virtual Memory [VSS] (MB): peak = 2969.191; parent = 1982.691; children = 986.500
---------------------------------------------------------------------------------
---------------------------------------------------------------------------------
Start Renaming Generated Nets
---------------------------------------------------------------------------------
---------------------------------------------------------------------------------
Finished Renaming Generated Nets : Time (s): cpu = 00:00:18 ; elapsed = 00:00:19 . Memory (MB): peak = 1982.688 ; gain = 582.742 ; free physical = 563 ; free virtual = 8009
Synthesis current peak Physical Memory [PSS] (MB): peak = 1386.688; parent = 1181.109; children = 205.609
Synthesis current peak Virtual Memory [VSS] (MB): peak = 2969.191; parent = 1982.691; children = 986.500
---------------------------------------------------------------------------------
---------------------------------------------------------------------------------
Start Writing Synthesis Report
---------------------------------------------------------------------------------

Report BlackBoxes: 
+-+--------------+----------+
| |BlackBox name |Instances |
+-+--------------+----------+
+-+--------------+----------+

Report Cell Usage: 
+------+------------------+------+
|      |Cell              |Count |
+------+------------------+------+
|1     |instruction_fetch |     1|
+------+------------------+------+

Report Instance Areas: 
+------+---------+-------+------+
|      |Instance |Module |Cells |
+------+---------+-------+------+
|1     |top      |       |     0|
+------+---------+-------+------+
---------------------------------------------------------------------------------
Finished Writing Synthesis Report : Time (s): cpu = 00:00:18 ; elapsed = 00:00:19 . Memory (MB): peak = 1982.688 ; gain = 582.742 ; free physical = 563 ; free virtual = 8009
Synthesis current peak Physical Memory [PSS] (MB): peak = 1386.719; parent = 1181.141; children = 205.609
Synthesis current peak Virtual Memory [VSS] (MB): peak = 2969.191; parent = 1982.691; children = 986.500
---------------------------------------------------------------------------------
Synthesis finished with 0 errors, 0 critical warnings and 3 warnings.
Synthesis Optimization Runtime : Time (s): cpu = 00:00:18 ; elapsed = 00:00:19 . Memory (MB): peak = 1982.688 ; gain = 582.742 ; free physical = 563 ; free virtual = 8009
Synthesis Optimization Complete : Time (s): cpu = 00:00:18 ; elapsed = 00:00:19 . Memory (MB): peak = 1982.695 ; gain = 582.742 ; free physical = 563 ; free virtual = 8009
INFO: [Project 1-571] Translating synthesized netlist
Netlist sorting complete. Time (s): cpu = 00:00:00 ; elapsed = 00:00:00 . Memory (MB): peak = 1982.695 ; gain = 0.000 ; free physical = 639 ; free virtual = 8085
INFO: [Project 1-570] Preparing netlist for logic optimization
INFO: [Opt 31-138] Pushed 0 inverter(s) to 0 load pin(s).
Netlist sorting complete. Time (s): cpu = 00:00:00 ; elapsed = 00:00:00 . Memory (MB): peak = 2075.219 ; gain = 0.000 ; free physical = 573 ; free virtual = 8019
INFO: [Project 1-111] Unisim Transformation Summary:
No Unisim elements were transformed.

Synth Design complete, checksum: f0f0408
INFO: [Common 17-83] Releasing license: Synthesis
13 Infos, 3 Warnings, 0 Critical Warnings and 0 Errors encountered.
synth_design completed successfully
INFO: [Common 17-600] The following parameters have non-default value.
tcl.statsThreshold
INFO: [Common 17-1381] The checkpoint '/home/techmatt01/Documents/Universit/Architetture Digitali Avanzate/riscv-cpu/riscv-cpu/riscv-cpu.runs/synth_1/instruction_fetch.dcp' has been generated.
INFO: [runtcl-4] Executing : report_utilization -file instruction_fetch_utilization_synth.rpt -pb instruction_fetch_utilization_synth.pb
INFO: [Common 17-206] Exiting Vivado at Mon May 22 15:43:18 2023...
